  main.cpp
C:\Users\zjq19\source\repos\Monte Carlo Path Tracing\Monte Carlo Path Tracing\global.h(11,23): warning C4244: “初始化”: 从“double”转换到“const float”，可能丢失数据
C:\Users\zjq19\source\repos\Monte Carlo Path Tracing\Monte Carlo Path Tracing\global.h(12,23): warning C4244: “初始化”: 从“double”转换到“const float”，可能丢失数据
C:\Users\zjq19\source\repos\Monte Carlo Path Tracing\Monte Carlo Path Tracing\global.h(47,13): warning C4244: “初始化”: 从“float”转换到“int”，可能丢失数据
C:\Users\zjq19\source\repos\Monte Carlo Path Tracing\Monte Carlo Path Tracing\Ray.h(16,59): warning C4244: “参数”: 从“double”转换到“float”，可能丢失数据
C:\Users\zjq19\source\repos\Monte Carlo Path Tracing\Monte Carlo Path Tracing\Ray.h(16,47): warning C4244: “参数”: 从“double”转换到“float”，可能丢失数据
C:\Users\zjq19\source\repos\Monte Carlo Path Tracing\Monte Carlo Path Tracing\Ray.h(16,35): warning C4244: “参数”: 从“double”转换到“float”，可能丢失数据
C:\Users\zjq19\source\repos\Monte Carlo Path Tracing\Monte Carlo Path Tracing\Ray.h(22,65): warning C4244: “参数”: 从“double”转换到“const float”，可能丢失数据
C:\Users\zjq19\source\repos\Monte Carlo Path Tracing\Monte Carlo Path Tracing\BoundBox.h(21,35): warning C4244: “参数”: 从“double”转换到“float”，可能丢失数据
C:\Users\zjq19\source\repos\Monte Carlo Path Tracing\Monte Carlo Path Tracing\BoundBox.h(21,27): warning C4244: “参数”: 从“double”转换到“float”，可能丢失数据
C:\Users\zjq19\source\repos\Monte Carlo Path Tracing\Monte Carlo Path Tracing\BoundBox.h(21,19): warning C4244: “参数”: 从“double”转换到“float”，可能丢失数据
C:\Users\zjq19\source\repos\Monte Carlo Path Tracing\Monte Carlo Path Tracing\BoundBox.h(22,35): warning C4244: “参数”: 从“double”转换到“float”，可能丢失数据
C:\Users\zjq19\source\repos\Monte Carlo Path Tracing\Monte Carlo Path Tracing\BoundBox.h(22,27): warning C4244: “参数”: 从“double”转换到“float”，可能丢失数据
C:\Users\zjq19\source\repos\Monte Carlo Path Tracing\Monte Carlo Path Tracing\BoundBox.h(22,19): warning C4244: “参数”: 从“double”转换到“float”，可能丢失数据
C:\Users\zjq19\source\repos\Monte Carlo Path Tracing\Monte Carlo Path Tracing\BoundBox.h(78,13): warning C4244: “初始化”: 从“double”转换到“float”，可能丢失数据
C:\Users\zjq19\source\repos\Monte Carlo Path Tracing\Monte Carlo Path Tracing\BoundBox.h(79,13): warning C4244: “初始化”: 从“double”转换到“float”，可能丢失数据
C:\Users\zjq19\source\repos\Monte Carlo Path Tracing\Monte Carlo Path Tracing\Scene.h(15,30): warning C4305: “参数”: 从“double”到“float”截断
C:\Users\zjq19\source\repos\Monte Carlo Path Tracing\Monte Carlo Path Tracing\Scene.h(17,24): warning C4305: “初始化”: 从“double”到“float”截断
C:\Users\zjq19\source\repos\Monte Carlo Path Tracing\Monte Carlo Path Tracing\OBJ_Loader.hpp(945,33): warning C4244: “初始化”: 从“double”转换到“float”，可能丢失数据
C:\Users\zjq19\source\repos\Monte Carlo Path Tracing\Monte Carlo Path Tracing\Triangle.h(273,23): warning C4244: “初始化”: 从“int”转换到“float”，可能丢失数据
C:\Users\zjq19\source\repos\Monte Carlo Path Tracing\Monte Carlo Path Tracing\Triangle.h(276,1): warning C4305: “参数”: 从“double”到“float”截断
C:\Program Files (x86)\Microsoft Visual Studio\2019\Community\VC\Tools\MSVC\14.29.30133\include\memory(3382,56): warning C4244: “参数”: 从“_Ty”转换到“float”，可能丢失数据
          with
          [
              _Ty=int
          ]
C:\Users\zjq19\source\repos\Monte Carlo Path Tracing\Monte Carlo Path Tracing\main.cpp(41): message : 查看对正在编译的函数 模板 实例化“std::unique_ptr<Light,std::default_delete<Light>> std::make_unique<Light,Vector3f,int,0>(Vector3f &&,int &&)”的引用
  正在生成代码
  1 of 1338 functions (<0.1%) were compiled, the rest were copied from previous compilation.
    0 functions were new in current compilation
    2 functions had inline decision re-evaluated but remain unchanged
  已完成代码的生成
  Monte Carlo Path Tracing.vcxproj -> C:\Users\zjq19\source\repos\Monte Carlo Path Tracing\x64\Release\Monte Carlo Path Tracing.exe
